[debug] [2022-12-01T04:49:25.472Z] ----------------------------------------------------------------------
[debug] [2022-12-01T04:49:25.478Z] Command:       D:\Full Stack\node.exe C:\Users\user\AppData\Roaming\npm\node_modules\firebase-tools\lib\bin\firebase.js init
[debug] [2022-12-01T04:49:25.479Z] CLI Version:   11.16.1
[debug] [2022-12-01T04:49:25.480Z] Platform:      win32
[debug] [2022-12-01T04:49:25.480Z] Node Version:  v18.8.0
[debug] [2022-12-01T04:49:25.481Z] Time:          Thu Dec 01 2022 10:19:25 GMT+0530 (India Standard Time)
[debug] [2022-12-01T04:49:25.482Z] ----------------------------------------------------------------------
[debug] 
[debug] [2022-12-01T04:49:25.488Z] >>> [apiv2][query] GET https://firebase-public.firebaseio.com/cli.json [none]
[debug] [2022-12-01T04:49:25.725Z] > command requires scopes: ["email","openid","https://www.googleapis.com/auth/cloudplatformprojects.readonly","https://www.googleapis.com/auth/firebase","https://www.googleapis.com/auth/cloud-platform"]
[debug] [2022-12-01T04:49:25.726Z] > authorizing via signed-in user (rishaba949@gmail.com)
[info] 
     ######## #### ########  ######## ########     ###     ######  ########
     ##        ##  ##     ## ##       ##     ##  ##   ##  ##       ##
     ######    ##  ########  ######   ########  #########  ######  ######
     ##        ##  ##    ##  ##       ##     ## ##     ##       ## ##
     ##       #### ##     ## ######## ########  ##     ##  ######  ########

You're about to initialize a Firebase project in this directory:

  C:\Users\user\Desktop\CS_PROJECT_GLA\cswebsitegla

Before we get started, keep in mind:

  * You are initializing within an existing Firebase project directory

[debug] [2022-12-01T04:49:26.564Z] <<< [apiv2][status] GET https://firebase-public.firebaseio.com/cli.json 200
[debug] [2022-12-01T04:49:26.565Z] <<< [apiv2][body] GET https://firebase-public.firebaseio.com/cli.json {"cloudBuildErrorAfter":1594252800000,"cloudBuildWarnAfter":1590019200000,"defaultNode10After":1594252800000,"minVersion":"3.0.5","node8DeploysDisabledAfter":1613390400000,"node8RuntimeDisabledAfter":1615809600000,"node8WarnAfter":1600128000000}
[info] 
=== Project Setup
[info] 
[info] First, let's associate this project directory with a Firebase project.
[info] You can create multiple project aliases by running firebase use --add, 
[info] but for now we'll just set up a default project.
[info] 
[debug] [2022-12-01T04:49:36.883Z] > refreshing access token with scopes: []
[debug] [2022-12-01T04:49:36.885Z] >>> [apiv2][query] POST https://www.googleapis.com/oauth2/v3/token [none]
[debug] [2022-12-01T04:49:36.886Z] >>> [apiv2][body] POST https://www.googleapis.com/oauth2/v3/token [omitted]
[debug] [2022-12-01T04:49:37.110Z] <<< [apiv2][status] POST https://www.googleapis.com/oauth2/v3/token 200
[debug] [2022-12-01T04:49:37.110Z] <<< [apiv2][body] POST https://www.googleapis.com/oauth2/v3/token [omitted]
[debug] [2022-12-01T04:49:37.128Z] >>> [apiv2][query] GET https://firebase.googleapis.com/v1beta1/projects pageSize=100
[debug] [2022-12-01T04:49:38.203Z] <<< [apiv2][status] GET https://firebase.googleapis.com/v1beta1/projects 200
[debug] [2022-12-01T04:49:38.203Z] <<< [apiv2][body] GET https://firebase.googleapis.com/v1beta1/projects [omitted]
[info] i  Using project csprojectgla (CSProjectGla) 
[info] 
=== Hosting:github Setup
[info] 
[info] i  Didn't detect a .git folder. Assuming C:\Users\user\Desktop\CS_PROJECT_GLA\cswebsitegla is the project root. 
[info] i  Authorizing with GitHub to upload your service account to a GitHub repository's secrets store. 
[info] 
[info] Visit this URL on this device to log in:
[info] https://github.com/login/oauth/authorize?client_id=89cf50f02ac6aaed3484&state=101300242&redirect_uri=http%3A%2F%2Flocalhost%3A9005&scope=read%3Auser%20repo%20public_repo
[info] 
[info] Waiting for authentication...
[debug] [2022-12-01T04:49:48.438Z] >>> [apiv2][query] POST https://github.com/login/oauth/access_token [none]
[debug] [2022-12-01T04:49:48.438Z] >>> [apiv2][body] POST https://github.com/login/oauth/access_token [stream]
[debug] [2022-12-01T04:49:48.891Z] <<< [apiv2][status] POST https://github.com/login/oauth/access_token 200
[debug] [2022-12-01T04:49:48.891Z] <<< [apiv2][body] POST https://github.com/login/oauth/access_token {"access_token":"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","token_type":"bearer","scope":"read:user,repo"}
[debug] [2022-12-01T04:49:48.912Z] >>> [apiv2][query] GET https://api.github.com/user [none]
[debug] [2022-12-01T04:49:49.359Z] <<< [apiv2][status] GET https://api.github.com/user 200
[debug] [2022-12-01T04:49:49.360Z] <<< [apiv2][body] GET https://api.github.com/user {"login":"Rish94","id":73248554,"node_id":"MDQ6VXNlcjczMjQ4NTU0","avatar_url":"https://avatars.githubusercontent.com/u/73248554?v=4","gravatar_id":"","url":"https://api.github.com/users/Rish94","html_url":"https://github.com/Rish94","followers_url":"https://api.github.com/users/Rish94/followers","following_url":"https://api.github.com/users/Rish94/following{/other_user}","gists_url":"https://api.github.com/users/Rish94/gists{/gist_id}","starred_url":"https://api.github.com/users/Rish94/starred{/owner}{/repo}","subscriptions_url":"https://api.github.com/users/Rish94/subscriptions","organizations_url":"https://api.github.com/users/Rish94/orgs","repos_url":"https://api.github.com/users/Rish94/repos","events_url":"https://api.github.com/users/Rish94/events{/privacy}","received_events_url":"https://api.github.com/users/Rish94/received_events","type":"User","site_admin":false,"name":"RISHABH AGARWAL","company":null,"blog":"","location":"INDIA","email":null,"hireable":null,"bio":null,"twitter_username":null,"public_repos":37,"public_gists":0,"followers":1,"following":4,"created_at":"2020-10-21T17:17:11Z","updated_at":"2022-11-28T20:16:05Z","private_gists":0,"total_private_repos":7,"owned_private_repos":7,"disk_usage":1450857,"collaborators":0,"two_factor_authentication":false,"plan":{"name":"free","space":976562499,"collaborators":0,"private_repos":10000}}
[info] 
[info] +  Success! Logged into GitHub as Rish94 
[info] 
